<?xml version="1.0" encoding="UTF-8"?>
<testsuite name="kurs.qa.PointTest" tests="1" skipped="0" failures="0" errors="0" timestamp="2020-12-05T19:25:50" hostname="DESKTOP-SEHNI6E" time="0.006">
  <properties/>
  <testcase name="distance" classname="kurs.qa.PointTest" time="0.006"/>
  <system-out><![CDATA[]]></system-out>
  <system-err><![CDATA[]]></system-err>
</testsuite>
